<?xml version="1.0" encoding="UTF-8"?>
<!-- Generated by org.testng.reporters.JUnitReportReporter -->
<testsuite hostname="NEERAV" failures="0" tests="1" name="com.webautomationv1.testCases.TC_LoginTest" time="9.493" errors="0" timestamp="15 Nov 2020 16:44:28 GMT" skipped="0">
  <testcase classname="com.webautomationv1.testCases.TC_LoginTest" name="loginTest" time="9.493"/>
</testsuite> <!-- com.webautomationv1.testCases.TC_LoginTest -->
